C51 COMPILER V9.59.0.0   BUZZ                                                              10/14/2019 17:26:28 PAGE 1   


C51 COMPILER V9.59.0.0, COMPILATION OF MODULE BUZZ
OBJECT MODULE PLACED IN .\Objects\buzz.obj
COMPILER INVOKED BY: D:\KEIL5\C51\BIN\C51.EXE ..\10.14жу\buzz.c OPTIMIZE(8,SPEED) BROWSE DEBUG OBJECTEXTEND PRINT(.\List
                    -ings\buzz.lst) TABS(2) OBJECT(.\Objects\buzz.obj)

line level    source

   1          #include "buzz.h"
   2          #include "delay.h"
   3          
   4          void Buzz_Times(unsigned char times)
   5          {
   6   1        unsigned char i=0;
   7   1        for(i=0;i<times;i++)
   8   1        {
   9   2           buzz=0;
  10   2           Delay_Ms(1);
  11   2           buzz=1;
  12   2           Delay_Ms(1);
  13   2          buzz=0;
  14   2           Delay_Ms(1);
  15   2           buzz=1;
  16   2           Delay_Ms(1);
  17   2          buzz=0;
  18   2           Delay_Ms(1);
  19   2           buzz=1;
  20   2           Delay_Ms(1);
  21   2          buzz=0;
  22   2           Delay_Ms(1);
  23   2           buzz=1;
  24   2           Delay_Ms(1);
  25   2          buzz=0;
  26   2           Delay_Ms(1);
  27   2           buzz=1;
  28   2           Delay_Ms(1);
  29   2          buzz=0;
  30   2           Delay_Ms(1);
  31   2           buzz=1;
  32   2           Delay_Ms(1);
  33   2           buzz=0;
  34   2           Delay_Ms(1);
  35   2           buzz=1;
  36   2           Delay_Ms(1);
  37   2            buzz=0;
  38   2           Delay_Ms(1);
  39   2           buzz=1;
  40   2           Delay_Ms(1);
  41   2            buzz=0;
  42   2           Delay_Ms(1);
  43   2           buzz=1;
  44   2           Delay_Ms(1);
  45   2            buzz=0;
  46   2           Delay_Ms(1);
  47   2           buzz=1;
  48   2           Delay_Ms(1);
  49   2            buzz=0;
  50   2           Delay_Ms(1);
  51   2           buzz=1;
  52   2           Delay_Ms(1);
  53   2            buzz=0;
  54   2           Delay_Ms(1);
C51 COMPILER V9.59.0.0   BUZZ                                                              10/14/2019 17:26:28 PAGE 2   

  55   2           buzz=1;
  56   2           Delay_Ms(1);
  57   2            buzz=0;
  58   2           Delay_Ms(1);
  59   2           buzz=1;
  60   2           Delay_Ms(1);
  61   2            buzz=0;
  62   2           Delay_Ms(1);
  63   2           buzz=1;
  64   2           Delay_Ms(1);
  65   2            buzz=0;
  66   2           Delay_Ms(1);
  67   2           buzz=1;
  68   2           Delay_Ms(1);
  69   2            buzz=0;
  70   2           Delay_Ms(1);
  71   2           buzz=1;
  72   2           Delay_Ms(1);
  73   2            buzz=0;
  74   2           Delay_Ms(1);
  75   2           buzz=1;
  76   2           Delay_Ms(1);
  77   2            buzz=0;
  78   2           Delay_Ms(1);
  79   2           buzz=1;
  80   2           Delay_Ms(1);
  81   2            buzz=0;
  82   2           Delay_Ms(1);
  83   2           buzz=1;
  84   2           Delay_Ms(1);
  85   2            buzz=0;
  86   2           Delay_Ms(1);
  87   2           buzz=1;
  88   2           Delay_Ms(1);
  89   2        }
  90   1      }


MODULE INFORMATION:   STATIC OVERLAYABLE
   CODE SIZE        =    383    ----
   CONSTANT SIZE    =   ----    ----
   XDATA SIZE       =   ----    ----
   PDATA SIZE       =   ----    ----
   DATA SIZE        =   ----       2
   IDATA SIZE       =   ----    ----
   BIT SIZE         =   ----    ----
END OF MODULE INFORMATION.


C51 COMPILATION COMPLETE.  0 WARNING(S),  0 ERROR(S)
