C51 COMPILER V9.59.0.0   DS1302                                                            10/14/2019 17:25:36 PAGE 1   


C51 COMPILER V9.59.0.0, COMPILATION OF MODULE DS1302
OBJECT MODULE PLACED IN .\Objects\ds1302.obj
COMPILER INVOKED BY: D:\KEIL5\C51\BIN\C51.EXE ..\10.14终\ds1302.c OPTIMIZE(8,SPEED) BROWSE DEBUG OBJECTEXTEND PRINT(.\Li
                    -stings\ds1302.lst) TABS(2) OBJECT(.\Objects\ds1302.obj)

line level    source

   1          #include<reg52.h>
   2          #include <intrins.h>
   3          #include "delay.h"
   4          #include"ds1302.h"
*** WARNING C206 IN LINE 131 OF ..\10.14终\ds1302.h: 'LCD1602_write_char': missing function-prototype
*** ERROR C267 IN LINE 131 OF ..\10.14终\ds1302.h: 'LCD1602_write_char': requires ANSI-style prototype
   5          #include <intrins.h>
   6          #include"lcd_1602.h"
   7          
   8          uchar dis_time_buf[16]={0};
   9          uchar time_buf[8] = {0};
*** ERROR C279 IN LINE 9 OF ..\10.14终\ds1302.c: 'time_buf': multiple initialization
  10          
  11          //DS1302初始化函数
  12          void ds1302_init(void) 
  13          {
  14   1        RST=0;      //RST脚置低
  15   1        SCK=0;      //SCK脚置低
  16   1      }
*** ERROR C237 IN LINE 16 OF ..\10.14终\ds1302.c: 'ds1302_init': function already has a body
  17          
  18          //从DS1302读出一字节数据
  19          uchar ds1302_read_byte(uchar addr) 
  20          {
  21   1      
  22   1        uchar i,temp; 
  23   1        RST=1;          //启动DS1302总线
  24   1        //写入目标地址：addr
  25   1        addr = addr | 0x01;    //最低位置高，寄存器0位为0时写，为1时读
  26   1        for (i = 0; i < 8; i ++) {
  27   2          if (addr & 0x01) {
  28   3            IO=1;
  29   3            }
  30   2          else {
  31   3            IO=0;
  32   3            }
  33   2          SCK=1;
  34   2          SCK=0;
  35   2          addr = addr >> 1;
  36   2          } 
  37   1        //输出数据：temp
  38   1        for (i = 0; i < 8; i ++) {
  39   2          temp = temp >> 1;
  40   2          if (IO) {
  41   3            temp |= 0x80;
  42   3            }
  43   2          else {
  44   3            temp &= 0x7F;
  45   3            }
  46   2          SCK=1;
  47   2          SCK=0;
  48   2          } 
  49   1        RST=0;          //停止DS1302总线
  50   1        return temp;
C51 COMPILER V9.59.0.0   DS1302                                                            10/14/2019 17:25:36 PAGE 2   

  51   1      }
*** ERROR C237 IN LINE 51 OF ..\10.14终\ds1302.c: '_ds1302_read_byte': function already has a body
  52          
  53          //从DS302读出时钟数据
  54          void ds1302_read_time(void)  
  55          {
  56   1        time_buf[1]=ds1302_read_byte(ds1302_year_add);    //年 
  57   1        time_buf[2]=ds1302_read_byte(ds1302_month_add);   //月 
  58   1        time_buf[3]=ds1302_read_byte(ds1302_date_add);    //日 
  59   1        time_buf[4]=ds1302_read_byte(ds1302_hr_add);    //时 
  60   1        time_buf[5]=ds1302_read_byte(ds1302_min_add);   //分 
  61   1        time_buf[6]=(ds1302_read_byte(ds1302_sec_add))&0x7f;//秒，屏蔽秒的第7位，避免超出59
  62   1        time_buf[7]=ds1302_read_byte(ds1302_day_add);   //周  
  63   1      }
*** ERROR C237 IN LINE 63 OF ..\10.14终\ds1302.c: 'ds1302_read_time': function already has a body
  64          
  65          
  66          
  67          //定时器中断函数
  68          void Timer2() interrupt 5   //定时器2是5号中断
  69          {
  70   1       static uchar t;
  71   1       TF2=0;
  72   1       t++;
  73   1       if(t==4)               //间隔200ms(50ms*4)读取一次时间
  74   1        {
  75   2         t=0;
  76   2         ds1302_read_time();  //读取时间 
  77   2         dis_time_buf[0]=(time_buf[0]>>4); //年   
  78   2         dis_time_buf[1]=(time_buf[0]&0x0f);
  79   2         
  80   2         dis_time_buf[2]=(time_buf[1]>>4);   
  81   2         dis_time_buf[3]=(time_buf[1]&0x0f);
  82   2        
  83   2      
  84   2         
  85   2         
  86   2         dis_time_buf[4]=(time_buf[2]>>4); //月  
  87   2         dis_time_buf[5]=(time_buf[2]&0x0f);
  88   2         
  89   2      
  90   2         dis_time_buf[6]=(time_buf[3]>>4); //日   
  91   2         dis_time_buf[7]=(time_buf[3]&0x0f);
  92   2         
  93   2         dis_time_buf[14]=(time_buf[7]&0x07); //星期
  94   2         
  95   2         //第2行显示  
  96   2         dis_time_buf[8]=(time_buf[4]>>4); //时   
  97   2         dis_time_buf[9]=(time_buf[4]&0x0f);   
  98   2      
  99   2        
 100   2      
 101   2         dis_time_buf[10]=(time_buf[5]>>4); //分   
 102   2         dis_time_buf[11]=(time_buf[5]&0x0f);   
 103   2      
 104   2         dis_time_buf[12]=(time_buf[6]>>4); //秒   
 105   2         dis_time_buf[13]=(time_buf[6]&0x0f);
 106   2         
 107   2        }
 108   1      }
*** ERROR C237 IN LINE 108 OF ..\10.14终\ds1302.c: 'Timer2': function already has a body
 109          //定时器2初始化
C51 COMPILER V9.59.0.0   DS1302                                                            10/14/2019 17:25:36 PAGE 3   

 110          void Init_timer2(void)
 111          {
 112   1       RCAP2H=0x3c;//赋T2初始值0x3cb0，溢出20次为1秒,每次溢出时间为50ms
 113   1       RCAP2L=0xb0;
 114   1       TR2=1;      //启动定时器2
 115   1       ET2=1;    //打开定时器2中断
 116   1       EA=1;     //打开总中断
 117   1      }
*** ERROR C237 IN LINE 117 OF ..\10.14终\ds1302.c: 'Init_timer2': function already has a body
 118          
 119          void DisplayDate(void)
 120          {
 121   1         LCD1602_Pos(0,2);
 122   1         LCD1602_WriteDAT(dis_time_buf[0]+0x30);   
 123   1         LCD1602_WriteDAT(dis_time_buf[1]+0x30);
 124   1         LCD1602_WriteDAT(dis_time_buf[2]+0x30);
 125   1         LCD1602_WriteDAT(dis_time_buf[3]+0x30);
 126   1         LCD1602_WriteDAT('/');      
 127   1         LCD1602_WriteDAT(dis_time_buf[4]+0x30);   
 128   1         LCD1602_WriteDAT(dis_time_buf[5]+0x30);
 129   1         LCD1602_WriteDAT('/');
 130   1         LCD1602_WriteDAT(dis_time_buf[6]+0x30);   
 131   1         LCD1602_WriteDAT(dis_time_buf[7]+0x30);  
 132   1         LCD1602_WriteDAT(dis_time_buf[14]+0x30);
 133   1         //第2行显示  
 134   1         LCD1602_Pos(1,3);
 135   1         LCD1602_WriteDAT(dis_time_buf[8]+0x30);  
 136   1         LCD1602_WriteDAT(dis_time_buf[9]+0x30);
 137   1         LCD1602_WriteDAT(':');  
 138   1         LCD1602_WriteDAT(dis_time_buf[10]+0x30);   
 139   1         LCD1602_WriteDAT(dis_time_buf[11]+0x30);
 140   1         LCD1602_WriteDAT(':');  
 141   1         LCD1602_WriteDAT(dis_time_buf[12]+0x30);   
 142   1         LCD1602_WriteDAT(dis_time_buf[13]+0x30);
 143   1      }

C51 COMPILATION COMPLETE.  1 WARNING(S),  7 ERROR(S)
