C51 COMPILER V9.59.0.0   KAISUO                                                            10/14/2019 17:26:29 PAGE 1   


C51 COMPILER V9.59.0.0, COMPILATION OF MODULE KAISUO
OBJECT MODULE PLACED IN .\Objects\kaisuo.obj
COMPILER INVOKED BY: D:\KEIL5\C51\BIN\C51.EXE ..\10.14ÖÕ\kaisuo.c OPTIMIZE(8,SPEED) BROWSE DEBUG OBJECTEXTEND PRINT(.\Li
                    -stings\kaisuo.lst) TABS(2) OBJECT(.\Objects\kaisuo.obj)

line level    source

   1          #include<reg52.h>
   2          #include<intrins.h>
   3          #include"kaisuo.h"
   4          #include"delay.h"
   5          
   6          
   7          /****¿ªËøº¯Êý****/
   8          void kaisuo(void)
   9          {
  10   1          kai=0;
  11   1          Delay_Ms(6000);
  12   1          kai=1;
  13   1      }


MODULE INFORMATION:   STATIC OVERLAYABLE
   CODE SIZE        =     12    ----
   CONSTANT SIZE    =   ----    ----
   XDATA SIZE       =   ----    ----
   PDATA SIZE       =   ----    ----
   DATA SIZE        =   ----    ----
   IDATA SIZE       =   ----    ----
   BIT SIZE         =   ----    ----
END OF MODULE INFORMATION.


C51 COMPILATION COMPLETE.  0 WARNING(S),  0 ERROR(S)
