C51 COMPILER V9.59.0.0   UART                                                              10/14/2019 17:26:31 PAGE 1   


C51 COMPILER V9.59.0.0, COMPILATION OF MODULE UART
OBJECT MODULE PLACED IN .\Objects\uart.obj
COMPILER INVOKED BY: D:\KEIL5\C51\BIN\C51.EXE ..\10.14终\uart.c OPTIMIZE(8,SPEED) BROWSE DEBUG OBJECTEXTEND PRINT(.\List
                    -ings\uart.lst) TABS(2) OBJECT(.\Objects\uart.obj)

line level    source

   1          #include"uart.h"
   2          #include<reg52.h>
   3          
   4          void Uart_Init(void)
   5          {
   6   1          SCON=0x50;   //UART方式1:8位UART;   REN=1:允许接收 
   7   1          PCON=0x00;   //SMOD=0:波特率不加倍 
   8   1          TMOD=0x20;   //T1方式2,用于UART波特率 
   9   1          TH1=0xFD; 
  10   1          TL1=0xFD;   //UART波特率设置:FDFD，9600;FFFF,57600
  11   1          TR1=1; //允许T1计数 
  12   1          EA=1;
  13   1          ES=1;
  14   1      }
  15          
  16          
  17          void Uart_Send_Byte(unsigned char c)//UART Send a byte
  18          {
  19   1        SBUF = c;
  20   1        while(!TI);   //发送完为1 
  21   1        TI = 0;
  22   1      }
  23          
  24          unsigned char Uart_Receive_Byte()//UART Receive a byteg
  25          { 
  26   1        unsigned char dat;
  27   1        while(!RI);  //接收完为1 
  28   1        RI = 0;
  29   1        dat = SBUF;
  30   1        return (dat);
  31   1      }


MODULE INFORMATION:   STATIC OVERLAYABLE
   CODE SIZE        =     38    ----
   CONSTANT SIZE    =   ----    ----
   XDATA SIZE       =   ----    ----
   PDATA SIZE       =   ----    ----
   DATA SIZE        =   ----    ----
   IDATA SIZE       =   ----    ----
   BIT SIZE         =   ----    ----
END OF MODULE INFORMATION.


C51 COMPILATION COMPLETE.  0 WARNING(S),  0 ERROR(S)
